{
  "stats": {
    "suites": 1,
    "tests": 4,
    "passes": 4,
    "pending": 0,
    "failures": 0,
    "start": "2025-04-24T05:45:16.555Z",
    "end": "2025-04-24T05:47:56.066Z",
    "duration": 159511,
    "testsRegistered": 4,
    "passPercent": 100,
    "pendingPercent": 0,
    "other": 0,
    "hasOther": false,
    "skipped": 0,
    "hasSkipped": false
  },
  "results": [
    {
      "uuid": "dd541e20-3c85-41fc-96b2-3becae5c3155",
      "title": "",
      "fullFile": "cypress\\e2e\\test\\LumaE2EScript.cy.js",
      "file": "cypress\\e2e\\test\\LumaE2EScript.cy.js",
      "beforeHooks": [],
      "afterHooks": [],
      "tests": [],
      "suites": [
        {
          "uuid": "8a8e4de8-4d21-402e-8643-bf6f995df7f5",
          "title": "TestSuite",
          "fullFile": "",
          "file": "",
          "beforeHooks": [],
          "afterHooks": [],
          "tests": [
            {
              "title": "RegistrationFlowLoginValidation",
              "fullTitle": "TestSuite RegistrationFlowLoginValidation",
              "timedOut": null,
              "duration": 32890,
              "state": "passed",
              "speed": "slow",
              "pass": true,
              "fail": false,
              "pending": false,
              "context": null,
              "code": "// Registering to application\n_HomePageMethodsCy.default.registerApplication();\n// Logging out from application\n_HomePageMethodsCy.default.logoutApplication();\n// Login to the application using the registered email and password\n_HomePageMethodsCy.default.loginApplication(userdata.EmailAddress, userdata.password);",
              "err": {},
              "uuid": "4903be00-c7f1-41bb-be49-7a567a479eac",
              "parentUUID": "8a8e4de8-4d21-402e-8643-bf6f995df7f5",
              "isHook": false,
              "skipped": false
            },
            {
              "title": "PlaceOrderMultipleProducts",
              "fullTitle": "TestSuite PlaceOrderMultipleProducts",
              "timedOut": null,
              "duration": 63664,
              "state": "passed",
              "speed": "slow",
              "pass": true,
              "fail": false,
              "pending": false,
              "context": null,
              "code": "// Login to the application using the provided email and password\n_HomePageMethodsCy.default.loginApplication(userdata.email, userdata.password);\nconst productName = [userdata.ProductNameOne, userdata.ProductNameTwo];\n// Adding multiple products to cart\n_HomePageMethodsCy.default.addMultipleProductsToCart(productName, 2);\n// Go to the cart page\n_HomePageMethodsCy.default.goToCart();\n// Validate the cart, ensuring the specified product(s) are present, also price calculation\n_CartMethodsCy.default.validateCart(productName);\n// Proceed to checkout from the cart\n_CartMethodsCy.default.checkoutFromCart();\n// Add a shipping address during checkout\n_CheckoutMethodsCy.default.addShippingAddress();\n// Place the order\n_CheckoutMethodsCy.default.placeOrder();\n// Confirm the order and complete the checkout process\n_OrderConfirmationMethodsCy.default.orderConfirm();\n// Retrieve and display the order number\n_OrderConfirmationMethodsCy.default.OrderNum();",
              "err": {},
              "uuid": "9f6c8476-d493-490d-97ae-4bb0f39817d0",
              "parentUUID": "8a8e4de8-4d21-402e-8643-bf6f995df7f5",
              "isHook": false,
              "skipped": false
            },
            {
              "title": "WishlistProductAddCheckout",
              "fullTitle": "TestSuite WishlistProductAddCheckout",
              "timedOut": null,
              "duration": 35550,
              "state": "passed",
              "speed": "slow",
              "pass": true,
              "fail": false,
              "pending": false,
              "context": null,
              "code": "// Login to the application using the provided email and password\n_HomePageMethodsCy.default.loginApplication(userdata.email, userdata.password);\n// Search for a product on the homepage and validate search\n_HomePageMethodsCy.default.searchProductGoPDP(userdata.ProductNameOne);\n// Adding a product to wishlist from PLP\n_PDPMethods.default.addProductToWishlistFromPDP(userdata.ProductNameOne);\n// Adding products to cart from Wishlist\n_WishlistMethods.default.addProductsToCartFromWishlist();",
              "err": {},
              "uuid": "e4697422-fdda-45aa-bce2-7efdfbb54a4a",
              "parentUUID": "8a8e4de8-4d21-402e-8643-bf6f995df7f5",
              "isHook": false,
              "skipped": false
            },
            {
              "title": "ProductSearchAndValidate",
              "fullTitle": "TestSuite ProductSearchAndValidate",
              "timedOut": null,
              "duration": 23409,
              "state": "passed",
              "speed": "slow",
              "pass": true,
              "fail": false,
              "pending": false,
              "context": null,
              "code": "// Login to the application using the provided email and password\n_HomePageMethodsCy.default.loginApplication(userdata.email, userdata.password);\n// Search for a product on the homepage and validate search\n_HomePageMethodsCy.default.searchProduct(userdata.ProductNameOne);",
              "err": {},
              "uuid": "69712aed-7020-4331-8897-ec1370237368",
              "parentUUID": "8a8e4de8-4d21-402e-8643-bf6f995df7f5",
              "isHook": false,
              "skipped": false
            }
          ],
          "suites": [],
          "passes": [
            "4903be00-c7f1-41bb-be49-7a567a479eac",
            "9f6c8476-d493-490d-97ae-4bb0f39817d0",
            "e4697422-fdda-45aa-bce2-7efdfbb54a4a",
            "69712aed-7020-4331-8897-ec1370237368"
          ],
          "failures": [],
          "pending": [],
          "skipped": [],
          "duration": 155513,
          "root": false,
          "rootEmpty": false,
          "_timeout": 2000
        }
      ],
      "passes": [],
      "failures": [],
      "pending": [],
      "skipped": [],
      "duration": 0,
      "root": true,
      "rootEmpty": true,
      "_timeout": 2000
    }
  ],
  "meta": {
    "mocha": {
      "version": "7.2.0"
    },
    "mochawesome": {
      "options": {
        "quiet": false,
        "reportFilename": "mochawesome",
        "saveHtml": true,
        "saveJson": true,
        "consoleReporter": "spec",
        "useInlineDiffs": false,
        "code": true
      },
      "version": "7.1.3"
    },
    "marge": {
      "options": null,
      "version": "6.2.0"
    }
  }
}